[INFO] Error stacktraces are turned on.
[INFO] Scanning for projects...
[INFO]                                                                         
[INFO] ------------------------------------------------------------------------
[INFO] Building banda 1.0-SNAPSHOT
[INFO] ------------------------------------------------------------------------
[INFO] 
[INFO] >>> maven-dependency-plugin:2.9:analyze (default-cli) @ banda >>>
[INFO] ------------------------------------------------------------------------
[INFO] BUILD FAILURE
[INFO] ------------------------------------------------------------------------
[INFO] Total time: 0.683s
[INFO] Finished at: Wed Apr 01 02:49:43 AST 2015
[INFO] Final Memory: 10M/155M
[INFO] ------------------------------------------------------------------------
[ERROR] Failed to execute goal on project banda: Could not resolve dependencies for project org.banda:banda:jar:1.0-SNAPSHOT: Failure to find javax.transaction:jta:jar:1.0.1B in http://repo.spring.io/snapshot was cached in the local repository, resolution will not be reattempted until the update interval of spring-snapshots has elapsed or updates are forced -> [Help 1]
org.apache.maven.lifecycle.LifecycleExecutionException: Failed to execute goal on project banda: Could not resolve dependencies for project org.banda:banda:jar:1.0-SNAPSHOT: Failure to find javax.transaction:jta:jar:1.0.1B in http://repo.spring.io/snapshot was cached in the local repository, resolution will not be reattempted until the update interval of spring-snapshots has elapsed or updates are forced
	at org.apache.maven.lifecycle.internal.LifecycleDependencyResolver.getDependencies(LifecycleDependencyResolver.java:210)
	at org.apache.maven.lifecycle.internal.LifecycleDependencyResolver.resolveProjectDependencies(LifecycleDependencyResolver.java:117)
	at org.apache.maven.lifecycle.internal.MojoExecutor.ensureDependenciesAreResolved(MojoExecutor.java:258)
	at org.apache.maven.lifecycle.internal.MojoExecutor.execute(MojoExecutor.java:201)
	at org.apache.maven.lifecycle.internal.MojoExecutor.execute(MojoExecutor.java:153)
	at org.apache.maven.lifecycle.internal.MojoExecutor.execute(MojoExecutor.java:145)
	at org.apache.maven.lifecycle.internal.MojoExecutor.executeForkedExecutions(MojoExecutor.java:365)
	at org.apache.maven.lifecycle.internal.MojoExecutor.execute(MojoExecutor.java:199)
	at org.apache.maven.lifecycle.internal.MojoExecutor.execute(MojoExecutor.java:153)
	at org.apache.maven.lifecycle.internal.MojoExecutor.execute(MojoExecutor.java:145)
	at org.apache.maven.lifecycle.internal.LifecycleModuleBuilder.buildProject(LifecycleModuleBuilder.java:84)
	at org.apache.maven.lifecycle.internal.LifecycleModuleBuilder.buildProject(LifecycleModuleBuilder.java:59)
	at org.apache.maven.lifecycle.internal.LifecycleStarter.singleThreadedBuild(LifecycleStarter.java:183)
	at org.apache.maven.lifecycle.internal.LifecycleStarter.execute(LifecycleStarter.java:161)
	at org.apache.maven.DefaultMaven.doExecute(DefaultMaven.java:320)
	at org.apache.maven.DefaultMaven.execute(DefaultMaven.java:156)
	at org.apache.maven.cli.MavenCli.execute(MavenCli.java:537)
	at org.apache.maven.cli.MavenCli.doMain(MavenCli.java:196)
	at org.apache.maven.cli.MavenCli.main(MavenCli.java:141)
	at sun.reflect.NativeMethodAccessorImpl.invoke0(Native Method)
	at sun.reflect.NativeMethodAccessorImpl.invoke(Unknown Source)
	at sun.reflect.DelegatingMethodAccessorImpl.invoke(Unknown Source)
	at java.lang.reflect.Method.invoke(Unknown Source)
	at org.codehaus.plexus.classworlds.launcher.Launcher.launchEnhanced(Launcher.java:290)
	at org.codehaus.plexus.classworlds.launcher.Launcher.launch(Launcher.java:230)
	at org.codehaus.plexus.classworlds.launcher.Launcher.mainWithExitCode(Launcher.java:409)
	at org.codehaus.plexus.classworlds.launcher.Launcher.main(Launcher.java:352)
Caused by: org.apache.maven.project.DependencyResolutionException: Could not resolve dependencies for project org.banda:banda:jar:1.0-SNAPSHOT: Failure to find javax.transaction:jta:jar:1.0.1B in http://repo.spring.io/snapshot was cached in the local repository, resolution will not be reattempted until the update interval of spring-snapshots has elapsed or updates are forced
	at org.apache.maven.project.DefaultProjectDependenciesResolver.resolve(DefaultProjectDependenciesResolver.java:189)
	at org.apache.maven.lifecycle.internal.LifecycleDependencyResolver.getDependencies(LifecycleDependencyResolver.java:185)
	... 26 more
Caused by: org.sonatype.aether.resolution.DependencyResolutionException: Failure to find javax.transaction:jta:jar:1.0.1B in http://repo.spring.io/snapshot was cached in the local repository, resolution will not be reattempted until the update interval of spring-snapshots has elapsed or updates are forced
	at org.sonatype.aether.impl.internal.DefaultRepositorySystem.resolveDependencies(DefaultRepositorySystem.java:375)
	at org.apache.maven.project.DefaultProjectDependenciesResolver.resolve(DefaultProjectDependenciesResolver.java:183)
	... 27 more
Caused by: org.sonatype.aether.resolution.ArtifactResolutionException: Failure to find javax.transaction:jta:jar:1.0.1B in http://repo.spring.io/snapshot was cached in the local repository, resolution will not be reattempted until the update interval of spring-snapshots has elapsed or updates are forced
	at org.sonatype.aether.impl.internal.DefaultArtifactResolver.resolve(DefaultArtifactResolver.java:538)
	at org.sonatype.aether.impl.internal.DefaultArtifactResolver.resolveArtifacts(DefaultArtifactResolver.java:216)
	at org.sonatype.aether.impl.internal.DefaultRepositorySystem.resolveDependencies(DefaultRepositorySystem.java:358)
	... 28 more
Caused by: org.sonatype.aether.transfer.ArtifactNotFoundException: Failure to find javax.transaction:jta:jar:1.0.1B in http://repo.spring.io/snapshot was cached in the local repository, resolution will not be reattempted until the update interval of spring-snapshots has elapsed or updates are forced
	at org.sonatype.aether.impl.internal.DefaultUpdateCheckManager.newException(DefaultUpdateCheckManager.java:230)
	at org.sonatype.aether.impl.internal.DefaultUpdateCheckManager.checkArtifact(DefaultUpdateCheckManager.java:204)
	at org.sonatype.aether.impl.internal.DefaultArtifactResolver.resolve(DefaultArtifactResolver.java:427)
	... 30 more
[ERROR] 
[ERROR] Re-run Maven using the -X switch to enable full debug logging.
[ERROR] 
[ERROR] For more information about the errors and possible solutions, please read the following articles:
[ERROR] [Help 1] http://cwiki.apache.org/confluence/display/MAVEN/DependencyResolutionException
