Apache Maven 3.0.5 (r01de14724cdef164cd33c7c8c2fe155faf9602da; 2013-02-19 16:51:28+0300)
Maven home: C:\maven
Java version: 1.8.0_40, vendor: Oracle Corporation
Java home: C:\jre
Default locale: ru_RU, platform encoding: Cp1251
OS name: "windows 8", version: "6.2", arch: "amd64", family: "dos"
[INFO] Error stacktraces are turned on.
[DEBUG] Reading global settings from C:\maven\conf\settings.xml
[DEBUG] Reading user settings from C:\Users\Rafa\.m2\settings.xml
[DEBUG] Using local repository at C:\Users\Rafa\.m2\repository
[DEBUG] Using manager EnhancedLocalRepositoryManager with priority 10 for C:\Users\Rafa\.m2\repository
[INFO] Scanning for projects...
[DEBUG] Extension realms for project org.banda:banda:jar:1.0-SNAPSHOT: (none)
[DEBUG] Looking up lifecyle mappings for packaging jar from ClassRealm[plexus.core, parent: null]
[DEBUG] Resolving plugin prefix dependency from [org.apache.maven.plugins, org.codehaus.mojo]
[DEBUG] Resolved plugin prefix dependency to org.apache.maven.plugins:maven-dependency-plugin from POM org.banda:banda:jar:1.0-SNAPSHOT
[DEBUG] === REACTOR BUILD PLAN ================================================
[DEBUG] Project: org.banda:banda:jar:1.0-SNAPSHOT
[DEBUG] Tasks:   [dependency:analyze]
[DEBUG] Style:   Regular
[DEBUG] =======================================================================
[INFO]                                                                         
[INFO] ------------------------------------------------------------------------
[INFO] Building banda 1.0-SNAPSHOT
[INFO] ------------------------------------------------------------------------
[DEBUG] Resolving plugin prefix dependency from [org.apache.maven.plugins, org.codehaus.mojo]
[DEBUG] Resolved plugin prefix dependency to org.apache.maven.plugins:maven-dependency-plugin from POM org.banda:banda:jar:1.0-SNAPSHOT
[DEBUG] Lifecycle default -> [validate, initialize, generate-sources, process-sources, generate-resources, process-resources, compile, process-classes, generate-test-sources, process-test-sources, generate-test-resources, process-test-resources, test-compile, process-test-classes, test, prepare-package, package, pre-integration-test, integration-test, post-integration-test, verify, install, deploy]
[DEBUG] Lifecycle clean -> [pre-clean, clean, post-clean]
[DEBUG] Lifecycle site -> [pre-site, site, post-site, site-deploy]
[DEBUG] Lifecycle default -> [validate, initialize, generate-sources, process-sources, generate-resources, process-resources, compile, process-classes, generate-test-sources, process-test-sources, generate-test-resources, process-test-resources, test-compile, process-test-classes, test, prepare-package, package, pre-integration-test, integration-test, post-integration-test, verify, install, deploy]
[DEBUG] Lifecycle clean -> [pre-clean, clean, post-clean]
[DEBUG] Lifecycle site -> [pre-site, site, post-site, site-deploy]
[DEBUG] === PROJECT BUILD PLAN ================================================
[DEBUG] Project:       org.banda:banda:1.0-SNAPSHOT
[DEBUG] Dependencies (collect): []
[DEBUG] Dependencies (resolve): [test]
[DEBUG] Repositories (dependencies): [spring-snapshots (http://repo.spring.io/snapshot, releases+snapshots), spring-milestones (http://repo.spring.io/milestone, releases+snapshots), central (http://repo.maven.apache.org/maven2, releases)]
[DEBUG] Repositories (plugins)     : [spring-snapshots (http://repo.spring.io/snapshot, releases+snapshots), spring-milestones (http://repo.spring.io/milestone, releases+snapshots), central (http://repo.maven.apache.org/maven2, releases)]
[DEBUG] --- init fork of org.banda:banda:1.0-SNAPSHOT for org.apache.maven.plugins:maven-dependency-plugin:2.9:analyze (default-cli) ---
[DEBUG] Dependencies (collect): []
[DEBUG] Dependencies (resolve): [compile, test]
[DEBUG] -----------------------------------------------------------------------
[DEBUG] Goal:          org.apache.maven.plugins:maven-resources-plugin:2.6:resources (default-resources)
[DEBUG] Style:         Regular
[DEBUG] Configuration: <?xml version="1.0" encoding="UTF-8"?>
<configuration>
  <buildFilters default-value="${project.build.filters}"/>
  <delimiters>
    <delimiter>@</delimiter>
  </delimiters>
  <encoding default-value="${project.build.sourceEncoding}">${encoding}</encoding>
  <escapeString>${maven.resources.escapeString}</escapeString>
  <escapeWindowsPaths default-value="true">${maven.resources.escapeWindowsPaths}</escapeWindowsPaths>
  <includeEmptyDirs default-value="false">${maven.resources.includeEmptyDirs}</includeEmptyDirs>
  <outputDirectory default-value="${project.build.outputDirectory}"/>
  <overwrite default-value="false">${maven.resources.overwrite}</overwrite>
  <project default-value="${project}"/>
  <resources default-value="${project.resources}"/>
  <session default-value="${session}"/>
  <supportMultiLineFiltering default-value="false">${maven.resources.supportMultiLineFiltering}</supportMultiLineFiltering>
  <useBuildFilters default-value="true"/>
  <useDefaultDelimiters default-value="true"/>
</configuration>
[DEBUG] -----------------------------------------------------------------------
[DEBUG] Goal:          org.apache.maven.plugins:maven-compiler-plugin:3.1:compile (default-compile)
[DEBUG] Style:         Regular
[DEBUG] Configuration: <?xml version="1.0" encoding="UTF-8"?>
<configuration>
  <basedir default-value="${basedir}"/>
  <buildDirectory default-value="${project.build.directory}"/>
  <classpathElements default-value="${project.compileClasspathElements}"/>
  <compileSourceRoots default-value="${project.compileSourceRoots}"/>
  <compilerId default-value="javac">${maven.compiler.compilerId}</compilerId>
  <compilerReuseStrategy default-value="${reuseCreated}">${maven.compiler.compilerReuseStrategy}</compilerReuseStrategy>
  <compilerVersion>${maven.compiler.compilerVersion}</compilerVersion>
  <debug default-value="true">${maven.compiler.debug}</debug>
  <debuglevel>${maven.compiler.debuglevel}</debuglevel>
  <encoding default-value="${project.build.sourceEncoding}">${encoding}</encoding>
  <executable>${maven.compiler.executable}</executable>
  <failOnError default-value="true">${maven.compiler.failOnError}</failOnError>
  <forceJavacCompilerUse default-value="false">${maven.compiler.forceJavacCompilerUse}</forceJavacCompilerUse>
  <fork default-value="false">${maven.compiler.fork}</fork>
  <generatedSourcesDirectory default-value="${project.build.directory}/generated-sources/annotations"/>
  <maxmem>${maven.compiler.maxmem}</maxmem>
  <meminitial>${maven.compiler.meminitial}</meminitial>
  <mojoExecution>${mojoExecution}</mojoExecution>
  <optimize default-value="false">${maven.compiler.optimize}</optimize>
  <outputDirectory default-value="${project.build.outputDirectory}"/>
  <projectArtifact default-value="${project.artifact}"/>
  <showDeprecation default-value="false">${maven.compiler.showDeprecation}</showDeprecation>
  <showWarnings default-value="false">${maven.compiler.showWarnings}</showWarnings>
  <skipMain>${maven.main.skip}</skipMain>
  <skipMultiThreadWarning default-value="false">${maven.compiler.skipMultiThreadWarning}</skipMultiThreadWarning>
  <source default-value="1.5">${maven.compiler.source}</source>
  <staleMillis default-value="0">${lastModGranularityMs}</staleMillis>
  <target default-value="1.5">${maven.compiler.target}</target>
  <useIncrementalCompilation default-value="true">${maven.compiler.useIncrementalCompilation}</useIncrementalCompilation>
  <verbose default-value="false">${maven.compiler.verbose}</verbose>
  <mavenSession default-value="${session}"/>
  <session default-value="${session}"/>
</configuration>
[DEBUG] -----------------------------------------------------------------------
[DEBUG] Goal:          org.apache.maven.plugins:maven-resources-plugin:2.6:testResources (default-testResources)
[DEBUG] Style:         Regular
[DEBUG] Configuration: <?xml version="1.0" encoding="UTF-8"?>
<configuration>
  <buildFilters default-value="${project.build.filters}"/>
  <delimiters>
    <delimiter>@</delimiter>
  </delimiters>
  <encoding default-value="${project.build.sourceEncoding}">${encoding}</encoding>
  <escapeString>${maven.resources.escapeString}</escapeString>
  <escapeWindowsPaths default-value="true">${maven.resources.escapeWindowsPaths}</escapeWindowsPaths>
  <includeEmptyDirs default-value="false">${maven.resources.includeEmptyDirs}</includeEmptyDirs>
  <outputDirectory default-value="${project.build.testOutputDirectory}"/>
  <overwrite default-value="false">${maven.resources.overwrite}</overwrite>
  <project default-value="${project}"/>
  <resources default-value="${project.testResources}"/>
  <session default-value="${session}"/>
  <skip>${maven.test.skip}</skip>
  <supportMultiLineFiltering default-value="false">${maven.resources.supportMultiLineFiltering}</supportMultiLineFiltering>
  <useBuildFilters default-value="true"/>
  <useDefaultDelimiters default-value="true"/>
</configuration>
[DEBUG] -----------------------------------------------------------------------
[DEBUG] Goal:          org.apache.maven.plugins:maven-compiler-plugin:3.1:testCompile (default-testCompile)
[DEBUG] Style:         Regular
[DEBUG] Configuration: <?xml version="1.0" encoding="UTF-8"?>
<configuration>
  <basedir default-value="${basedir}"/>
  <buildDirectory default-value="${project.build.directory}"/>
  <classpathElements default-value="${project.testClasspathElements}"/>
  <compileSourceRoots default-value="${project.testCompileSourceRoots}"/>
  <compilerId default-value="javac">${maven.compiler.compilerId}</compilerId>
  <compilerReuseStrategy default-value="${reuseCreated}">${maven.compiler.compilerReuseStrategy}</compilerReuseStrategy>
  <compilerVersion>${maven.compiler.compilerVersion}</compilerVersion>
  <debug default-value="true">${maven.compiler.debug}</debug>
  <debuglevel>${maven.compiler.debuglevel}</debuglevel>
  <encoding default-value="${project.build.sourceEncoding}">${encoding}</encoding>
  <executable>${maven.compiler.executable}</executable>
  <failOnError default-value="true">${maven.compiler.failOnError}</failOnError>
  <forceJavacCompilerUse default-value="false">${maven.compiler.forceJavacCompilerUse}</forceJavacCompilerUse>
  <fork default-value="false">${maven.compiler.fork}</fork>
  <generatedTestSourcesDirectory default-value="${project.build.directory}/generated-test-sources/test-annotations"/>
  <maxmem>${maven.compiler.maxmem}</maxmem>
  <meminitial>${maven.compiler.meminitial}</meminitial>
  <mojoExecution>${mojoExecution}</mojoExecution>
  <optimize default-value="false">${maven.compiler.optimize}</optimize>
  <outputDirectory default-value="${project.build.testOutputDirectory}"/>
  <showDeprecation default-value="false">${maven.compiler.showDeprecation}</showDeprecation>
  <showWarnings default-value="false">${maven.compiler.showWarnings}</showWarnings>
  <skip>${maven.test.skip}</skip>
  <skipMultiThreadWarning default-value="false">${maven.compiler.skipMultiThreadWarning}</skipMultiThreadWarning>
  <source default-value="1.5">${maven.compiler.source}</source>
  <staleMillis default-value="0">${lastModGranularityMs}</staleMillis>
  <target default-value="1.5">${maven.compiler.target}</target>
  <testSource>${maven.compiler.testSource}</testSource>
  <testTarget>${maven.compiler.testTarget}</testTarget>
  <useIncrementalCompilation default-value="true">${maven.compiler.useIncrementalCompilation}</useIncrementalCompilation>
  <verbose default-value="false">${maven.compiler.verbose}</verbose>
  <mavenSession default-value="${session}"/>
  <session default-value="${session}"/>
</configuration>
[DEBUG] --- exit fork of org.banda:banda:1.0-SNAPSHOT for org.apache.maven.plugins:maven-dependency-plugin:2.9:analyze (default-cli) ---
[DEBUG] -----------------------------------------------------------------------
[DEBUG] Goal:          org.apache.maven.plugins:maven-dependency-plugin:2.9:analyze (default-cli)
[DEBUG] Style:         Regular
[DEBUG] Configuration: <?xml version="1.0" encoding="UTF-8"?>
<configuration>
  <analyzer default-value="default">${analyzer}</analyzer>
  <baseDir default-value="${basedir}"/>
  <failOnWarning default-value="false">${failOnWarning}</failOnWarning>
  <ignoreNonCompile default-value="false">${ignoreNonCompile}</ignoreNonCompile>
  <outputDirectory default-value="${project.build.directory}"/>
  <outputXML default-value="false">${outputXML}</outputXML>
  <project default-value="${project}"/>
  <scriptableFlag default-value="$$$%%%">${scriptableFlag}</scriptableFlag>
  <scriptableOutput default-value="false">${scriptableOutput}</scriptableOutput>
  <skip default-value="false">${mdep.analyze.skip}</skip>
  <verbose default-value="false">${verbose}</verbose>
</configuration>
[DEBUG] =======================================================================
[INFO] 
[INFO] >>> maven-dependency-plugin:2.9:analyze (default-cli) @ banda >>>
[DEBUG] org.banda:banda:jar:1.0-SNAPSHOT
[DEBUG]    org.springframework.boot:spring-boot-starter-web:jar:1.2.2.RELEASE:compile
[DEBUG]       org.springframework.boot:spring-boot-starter:jar:1.2.2.RELEASE:compile
[DEBUG]          org.springframework.boot:spring-boot:jar:1.2.2.RELEASE:compile
[DEBUG]          org.springframework.boot:spring-boot-autoconfigure:jar:1.2.2.RELEASE:compile
[DEBUG]          org.springframework.boot:spring-boot-starter-logging:jar:1.2.2.RELEASE:compile
[DEBUG]             org.slf4j:jcl-over-slf4j:jar:1.7.10:compile
[DEBUG]             org.slf4j:jul-to-slf4j:jar:1.7.10:compile
[DEBUG]             org.slf4j:log4j-over-slf4j:jar:1.7.10:compile
[DEBUG]             ch.qos.logback:logback-classic:jar:1.1.2:compile
[DEBUG]                ch.qos.logback:logback-core:jar:1.1.2:compile
[DEBUG]          org.yaml:snakeyaml:jar:1.14:compile
[DEBUG]       org.springframework.boot:spring-boot-starter-tomcat:jar:1.2.2.RELEASE:compile
[DEBUG]          org.apache.tomcat.embed:tomcat-embed-core:jar:8.0.20:compile
[DEBUG]          org.apache.tomcat.embed:tomcat-embed-el:jar:8.0.20:compile
[DEBUG]          org.apache.tomcat.embed:tomcat-embed-logging-juli:jar:8.0.20:compile
[DEBUG]          org.apache.tomcat.embed:tomcat-embed-websocket:jar:8.0.20:compile
[DEBUG]       com.fasterxml.jackson.core:jackson-databind:jar:2.4.5:compile
[DEBUG]          com.fasterxml.jackson.core:jackson-annotations:jar:2.4.5:compile (version managed from 2.4.0 by org.springframework.boot:spring-boot-dependencies:1.2.2.RELEASE)
[DEBUG]          com.fasterxml.jackson.core:jackson-core:jar:2.4.5:compile
[DEBUG]       org.hibernate:hibernate-validator:jar:5.1.3.Final:compile
[DEBUG]          javax.validation:validation-api:jar:1.1.0.Final:compile
[DEBUG]          com.fasterxml:classmate:jar:1.0.0:compile
[DEBUG]       org.springframework:spring-core:jar:4.1.5.RELEASE:compile
[DEBUG]       org.springframework:spring-web:jar:4.1.5.RELEASE:compile
[DEBUG]          org.springframework:spring-aop:jar:4.1.5.RELEASE:compile
[DEBUG]             aopalliance:aopalliance:jar:1.0:compile
[DEBUG]          org.springframework:spring-context:jar:4.1.5.RELEASE:compile
[DEBUG]       org.springframework:spring-webmvc:jar:4.1.5.RELEASE:compile
[DEBUG]          org.springframework:spring-expression:jar:4.1.5.RELEASE:compile
[DEBUG]    org.eclipse.jetty:jetty-spring:jar:9.3.0.M1:compile
[DEBUG]       org.eclipse.jetty:jetty-xml:jar:9.2.9.v20150224:compile (version managed from 9.3.0.M1 by org.springframework.boot:spring-boot-dependencies:1.2.2.RELEASE)
[DEBUG]       org.eclipse.jetty:jetty-util:jar:9.2.9.v20150224:compile (version managed from 9.3.0.M1 by org.springframework.boot:spring-boot-dependencies:1.2.2.RELEASE)
[DEBUG]       org.springframework:spring-beans:jar:4.1.5.RELEASE:compile (version managed from 3.2.8.RELEASE by org.springframework:spring-framework-bom:4.1.5.RELEASE)
[DEBUG]    org.apache.tika:tika-parsers:jar:1.2:compile
[DEBUG]       org.apache.tika:tika-core:jar:1.2:compile
[DEBUG]       org.gagravarr:vorbis-java-tika:jar:0.1:compile
[DEBUG]          org.gagravarr:vorbis-java-core:jar:tests:0.1:test,provided
[DEBUG]       edu.ucar:netcdf:jar:4.2-min:compile
[DEBUG]       org.apache.james:apache-mime4j-core:jar:0.7.2:compile
[DEBUG]       org.apache.james:apache-mime4j-dom:jar:0.7.2:compile
[DEBUG]       org.apache.commons:commons-compress:jar:1.4.1:compile
[DEBUG]          org.tukaani:xz:jar:1.0:compile
[DEBUG]       commons-codec:commons-codec:jar:1.5:compile
[DEBUG]       org.apache.pdfbox:pdfbox:jar:1.7.0:compile
[DEBUG]          org.apache.pdfbox:fontbox:jar:1.7.0:compile
[DEBUG]          org.apache.pdfbox:jempbox:jar:1.7.0:compile
[DEBUG]       org.bouncycastle:bcmail-jdk15:jar:1.45:compile
[DEBUG]       org.bouncycastle:bcprov-jdk15:jar:1.45:compile
[DEBUG]       org.apache.poi:poi:jar:3.8:compile
[DEBUG]       org.apache.poi:poi-scratchpad:jar:3.8:compile
[DEBUG]       org.apache.poi:poi-ooxml:jar:3.8:compile
[DEBUG]          org.apache.poi:poi-ooxml-schemas:jar:3.8:compile
[DEBUG]             org.apache.xmlbeans:xmlbeans:jar:2.3.0:compile
[DEBUG]       org.apache.geronimo.specs:geronimo-stax-api_1.0_spec:jar:1.0.1:compile
[DEBUG]       org.ccil.cowan.tagsoup:tagsoup:jar:1.2.1:compile
[DEBUG]       asm:asm:jar:3.1:compile
[DEBUG]       com.googlecode.mp4parser:isoparser:jar:1.0-RC-1:compile
[DEBUG]          org.aspectj:aspectjrt:jar:1.8.5:compile (version managed from 1.6.11 by org.springframework.boot:spring-boot-dependencies:1.2.2.RELEASE)
[DEBUG]       com.drewnoakes:metadata-extractor:jar:2.4.0-beta-1:compile
[DEBUG]       de.l3s.boilerpipe:boilerpipe:jar:1.1.0:compile
[DEBUG]       rome:rome:jar:0.9:compile
[DEBUG]          jdom:jdom:jar:1.0:compile
[DEBUG]       org.gagravarr:vorbis-java-core:jar:0.1:compile
[DEBUG]       com.googlecode.juniversalchardet:juniversalchardet:jar:1.0.3:compile
[DEBUG]    org.hibernate:hibernate:jar:3.2.5.ga:compile
[DEBUG]       net.sf.ehcache:ehcache:jar:1.2.3:compile
[DEBUG]       javax.transaction:jta:jar:1.0.1B:compile
[DEBUG]       commons-logging:commons-logging:jar:1.0.4:compile
[DEBUG]       dom4j:dom4j:jar:1.6.1:compile
[DEBUG]       antlr:antlr:jar:2.7.6:compile
[DEBUG]       cglib:cglib:jar:2.1_3:compile
[DEBUG]       commons-collections:commons-collections:jar:3.2.1:compile (version managed from 2.1.1 by org.springframework.boot:spring-boot-dependencies:1.2.2.RELEASE)
[DEBUG]    org.hibernate:hibernate-annotations:jar:3.5.6-Final:compile
[DEBUG]       org.hibernate:hibernate-core:jar:3.5.6-Final:compile
[DEBUG]       org.hibernate:hibernate-commons-annotations:jar:3.2.0.Final:compile
[DEBUG]       org.hibernate.javax.persistence:hibernate-jpa-2.0-api:jar:1.0.0.Final:compile
[DEBUG]       org.slf4j:slf4j-api:jar:1.7.10:compile (version managed from 1.5.8 by org.springframework.boot:spring-boot-dependencies:1.2.2.RELEASE)
[DEBUG]    asm:asm-commons:jar:2.2.3:compile
[DEBUG]       asm:asm-tree:jar:2.2.3:compile
[DEBUG]    postgresql:postgresql:jar:9.1-901.jdbc4:compile
[DEBUG]    org.apache.tapestry:tapestry-hibernate:jar:5.4-beta-26:compile
[DEBUG]       org.jboss.logging:jboss-logging:jar:3.1.0.GA:compile
[DEBUG]       org.apache.tapestry:tapestry-hibernate-core:jar:5.4-beta-26:compile
[DEBUG]          org.apache.tapestry:tapestry-ioc:jar:5.4-beta-26:compile
[DEBUG]             javax.inject:javax.inject:jar:1:compile
[DEBUG]             org.apache.tapestry:tapestry-func:jar:5.4-beta-26:compile
[DEBUG]             org.apache.tapestry:plastic:jar:5.4-beta-26:compile
[DEBUG]             org.apache.tapestry:tapestry5-annotations:jar:5.4-beta-26:compile
[DEBUG]       org.apache.tapestry:tapestry-core:jar:5.4-beta-26:compile
[DEBUG]          org.apache.tapestry:tapestry-json:jar:5.4-beta-26:compile
[DEBUG]          org.apache.tapestry:beanmodel:jar:5.4-beta-26:compile
[DEBUG]             org.antlr:antlr-runtime:jar:3.5.2:compile
[DEBUG]             org.apache.tapestry:commons:jar:5.4-beta-26:compile
[INFO] ------------------------------------------------------------------------
[INFO] BUILD FAILURE
[INFO] ------------------------------------------------------------------------
[INFO] Total time: 0.691s
[INFO] Finished at: Wed Apr 01 02:51:02 AST 2015
[INFO] Final Memory: 10M/155M
[INFO] ------------------------------------------------------------------------
[ERROR] Failed to execute goal on project banda: Could not resolve dependencies for project org.banda:banda:jar:1.0-SNAPSHOT: Failure to find javax.transaction:jta:jar:1.0.1B in http://repo.spring.io/snapshot was cached in the local repository, resolution will not be reattempted until the update interval of spring-snapshots has elapsed or updates are forced -> [Help 1]
org.apache.maven.lifecycle.LifecycleExecutionException: Failed to execute goal on project banda: Could not resolve dependencies for project org.banda:banda:jar:1.0-SNAPSHOT: Failure to find javax.transaction:jta:jar:1.0.1B in http://repo.spring.io/snapshot was cached in the local repository, resolution will not be reattempted until the update interval of spring-snapshots has elapsed or updates are forced
	at org.apache.maven.lifecycle.internal.LifecycleDependencyResolver.getDependencies(LifecycleDependencyResolver.java:210)
	at org.apache.maven.lifecycle.internal.LifecycleDependencyResolver.resolveProjectDependencies(LifecycleDependencyResolver.java:117)
	at org.apache.maven.lifecycle.internal.MojoExecutor.ensureDependenciesAreResolved(MojoExecutor.java:258)
	at org.apache.maven.lifecycle.internal.MojoExecutor.execute(MojoExecutor.java:201)
	at org.apache.maven.lifecycle.internal.MojoExecutor.execute(MojoExecutor.java:153)
	at org.apache.maven.lifecycle.internal.MojoExecutor.execute(MojoExecutor.java:145)
	at org.apache.maven.lifecycle.internal.MojoExecutor.executeForkedExecutions(MojoExecutor.java:365)
	at org.apache.maven.lifecycle.internal.MojoExecutor.execute(MojoExecutor.java:199)
	at org.apache.maven.lifecycle.internal.MojoExecutor.execute(MojoExecutor.java:153)
	at org.apache.maven.lifecycle.internal.MojoExecutor.execute(MojoExecutor.java:145)
	at org.apache.maven.lifecycle.internal.LifecycleModuleBuilder.buildProject(LifecycleModuleBuilder.java:84)
	at org.apache.maven.lifecycle.internal.LifecycleModuleBuilder.buildProject(LifecycleModuleBuilder.java:59)
	at org.apache.maven.lifecycle.internal.LifecycleStarter.singleThreadedBuild(LifecycleStarter.java:183)
	at org.apache.maven.lifecycle.internal.LifecycleStarter.execute(LifecycleStarter.java:161)
	at org.apache.maven.DefaultMaven.doExecute(DefaultMaven.java:320)
	at org.apache.maven.DefaultMaven.execute(DefaultMaven.java:156)
	at org.apache.maven.cli.MavenCli.execute(MavenCli.java:537)
	at org.apache.maven.cli.MavenCli.doMain(MavenCli.java:196)
	at org.apache.maven.cli.MavenCli.main(MavenCli.java:141)
	at sun.reflect.NativeMethodAccessorImpl.invoke0(Native Method)
	at sun.reflect.NativeMethodAccessorImpl.invoke(Unknown Source)
	at sun.reflect.DelegatingMethodAccessorImpl.invoke(Unknown Source)
	at java.lang.reflect.Method.invoke(Unknown Source)
	at org.codehaus.plexus.classworlds.launcher.Launcher.launchEnhanced(Launcher.java:290)
	at org.codehaus.plexus.classworlds.launcher.Launcher.launch(Launcher.java:230)
	at org.codehaus.plexus.classworlds.launcher.Launcher.mainWithExitCode(Launcher.java:409)
	at org.codehaus.plexus.classworlds.launcher.Launcher.main(Launcher.java:352)
Caused by: org.apache.maven.project.DependencyResolutionException: Could not resolve dependencies for project org.banda:banda:jar:1.0-SNAPSHOT: Failure to find javax.transaction:jta:jar:1.0.1B in http://repo.spring.io/snapshot was cached in the local repository, resolution will not be reattempted until the update interval of spring-snapshots has elapsed or updates are forced
	at org.apache.maven.project.DefaultProjectDependenciesResolver.resolve(DefaultProjectDependenciesResolver.java:189)
	at org.apache.maven.lifecycle.internal.LifecycleDependencyResolver.getDependencies(LifecycleDependencyResolver.java:185)
	... 26 more
Caused by: org.sonatype.aether.resolution.DependencyResolutionException: Failure to find javax.transaction:jta:jar:1.0.1B in http://repo.spring.io/snapshot was cached in the local repository, resolution will not be reattempted until the update interval of spring-snapshots has elapsed or updates are forced
	at org.sonatype.aether.impl.internal.DefaultRepositorySystem.resolveDependencies(DefaultRepositorySystem.java:375)
	at org.apache.maven.project.DefaultProjectDependenciesResolver.resolve(DefaultProjectDependenciesResolver.java:183)
	... 27 more
Caused by: org.sonatype.aether.resolution.ArtifactResolutionException: Failure to find javax.transaction:jta:jar:1.0.1B in http://repo.spring.io/snapshot was cached in the local repository, resolution will not be reattempted until the update interval of spring-snapshots has elapsed or updates are forced
	at org.sonatype.aether.impl.internal.DefaultArtifactResolver.resolve(DefaultArtifactResolver.java:538)
	at org.sonatype.aether.impl.internal.DefaultArtifactResolver.resolveArtifacts(DefaultArtifactResolver.java:216)
	at org.sonatype.aether.impl.internal.DefaultRepositorySystem.resolveDependencies(DefaultRepositorySystem.java:358)
	... 28 more
Caused by: org.sonatype.aether.transfer.ArtifactNotFoundException: Failure to find javax.transaction:jta:jar:1.0.1B in http://repo.spring.io/snapshot was cached in the local repository, resolution will not be reattempted until the update interval of spring-snapshots has elapsed or updates are forced
	at org.sonatype.aether.impl.internal.DefaultUpdateCheckManager.newException(DefaultUpdateCheckManager.java:230)
	at org.sonatype.aether.impl.internal.DefaultUpdateCheckManager.checkArtifact(DefaultUpdateCheckManager.java:204)
	at org.sonatype.aether.impl.internal.DefaultArtifactResolver.resolve(DefaultArtifactResolver.java:427)
	... 30 more
[ERROR] 
[ERROR] 
[ERROR] For more information about the errors and possible solutions, please read the following articles:
[ERROR] [Help 1] http://cwiki.apache.org/confluence/display/MAVEN/DependencyResolutionException
